<?xml version="1.0" encoding="UTF-8"?>
<!-- Generated by org.testng.reporters.JUnitReportReporter -->
<testsuite hostname="DESKTOP-AH0EAR4" failures="0" tests="10" name="com.erudex.ra.test.login.LoginTestApache" time="67.811" errors="0" timestamp="2023-07-04T23:28:52 EDT" skipped="0">
  <testcase classname="com.erudex.ra.test.login.LoginTestApache" name="testLogoutWithSession" time="0.306"/>
  <testcase classname="com.erudex.ra.test.login.LoginTestApache" name="testLogin" time="0.727"/>
  <testcase classname="com.erudex.ra.test.login.LoginTestApache" name="testLoginWithSession" time="0.706"/>
  <testcase classname="com.erudex.ra.test.login.LoginTestApache" name="testLogin" time="18.124"/>
  <testcase classname="com.erudex.ra.test.login.LoginTestApache" name="testLoginWithSession" time="0.331"/>
  <testcase classname="com.erudex.ra.test.login.LoginTestApache" name="testNavToLoginPage" time="45.516"/>
  <testcase classname="com.erudex.ra.test.login.LoginTestApache" name="testLogin" time="0.764"/>
  <testcase classname="com.erudex.ra.test.login.LoginTestApache" name="testLogoutWithSession" time="0.312"/>
  <testcase classname="com.erudex.ra.test.login.LoginTestApache" name="testLoginWithSession" time="0.718"/>
  <testcase classname="com.erudex.ra.test.login.LoginTestApache" name="testLogoutWithSession" time="0.307"/>
</testsuite> <!-- com.erudex.ra.test.login.LoginTestApache -->
