<?xml version="1.0" encoding="UTF-8"?>
<!-- Generated by org.testng.reporters.JUnitReportReporter -->
<testsuite hostname="DESKTOP-AH0EAR4" failures="0" tests="10" name="com.erudex.ra.test.login.LoginTestRA" time="14.810" errors="0" timestamp="2023-07-04T23:33:01 EDT" skipped="0">
  <testcase classname="com.erudex.ra.test.login.LoginTestRA" name="testLogoutWithSession" time="0.714"/>
  <testcase classname="com.erudex.ra.test.login.LoginTestRA" name="testLogin" time="3.770"/>
  <testcase classname="com.erudex.ra.test.login.LoginTestRA" name="testLoginWithSession" time="0.764"/>
  <testcase classname="com.erudex.ra.test.login.LoginTestRA" name="testNavToLoginPage" time="0.180"/>
  <testcase classname="com.erudex.ra.test.login.LoginTestRA" name="testLogoutWithSession" time="0.349"/>
  <testcase classname="com.erudex.ra.test.login.LoginTestRA" name="testLoginWithSession" time="0.389"/>
  <testcase classname="com.erudex.ra.test.login.LoginTestRA" name="testLogin" time="3.782"/>
  <testcase classname="com.erudex.ra.test.login.LoginTestRA" name="testLoginWithSession" time="0.738"/>
  <testcase classname="com.erudex.ra.test.login.LoginTestRA" name="testLogin" time="3.780"/>
  <testcase classname="com.erudex.ra.test.login.LoginTestRA" name="testLogoutWithSession" time="0.344"/>
</testsuite> <!-- com.erudex.ra.test.login.LoginTestRA -->
