<?xml version="1.0" encoding="UTF-8"?>
<!-- Generated by org.testng.reporters.JUnitReportReporter -->
<testsuite hostname="DESKTOP-AH0EAR4" failures="0" tests="7" name="com.erudex.ra.test.login.LoginTest" time="13.017" errors="0" timestamp="2023-07-04T21:48:51 EDT" skipped="0">
  <testcase classname="com.erudex.ra.test.login.LoginTest" name="testNavToLoginPage" time="0.176"/>
  <testcase classname="com.erudex.ra.test.login.LoginTest" name="testLogin" time="3.656"/>
  <testcase classname="com.erudex.ra.test.login.LoginTest" name="testLoginWithSession" time="0.747"/>
  <testcase classname="com.erudex.ra.test.login.LoginTest" name="testLoginWithSession" time="0.779"/>
  <testcase classname="com.erudex.ra.test.login.LoginTest" name="testLogin" time="3.652"/>
  <testcase classname="com.erudex.ra.test.login.LoginTest" name="testLoginWithSession" time="0.355"/>
  <testcase classname="com.erudex.ra.test.login.LoginTest" name="testLogin" time="3.652"/>
</testsuite> <!-- com.erudex.ra.test.login.LoginTest -->
