<?xml version="1.0" encoding="UTF-8"?>
<!-- Generated by org.testng.reporters.JUnitReportReporter -->
<testsuite hostname="Kanumuris-MacBook-Pro.local" failures="0" tests="1" name="Something" time="0.010" errors="0" timestamp="2023-06-22T00:35:11 EDT" skipped="0">
  <testcase classname="Something" name="demo" time="0.010"/>
</testsuite> <!-- Something -->
