<?xml version="1.0" encoding="UTF-8"?>
<!-- Generated by org.testng.reporters.JUnitReportReporter -->
<testsuite hostname="DESKTOP-AH0EAR4" failures="0" tests="7" name="com.erudex.ra.test.login.LoginTest" time="7.360" errors="0" timestamp="2023-07-04T20:24:01 EDT" skipped="0">
  <testcase classname="com.erudex.ra.test.login.LoginTest" name="testLogin" time="0.738"/>
  <testcase classname="com.erudex.ra.test.login.LoginTest" name="testNavToLoginPage" time="2.319"/>
  <testcase classname="com.erudex.ra.test.login.LoginTest" name="testLogin" time="0.346"/>
  <testcase classname="com.erudex.ra.test.login.LoginTest" name="testLoginWithSession" time="0.711"/>
  <testcase classname="com.erudex.ra.test.login.LoginTest" name="testLoginWithSession" time="0.712"/>
  <testcase classname="com.erudex.ra.test.login.LoginTest" name="testLogin" time="2.182"/>
  <testcase classname="com.erudex.ra.test.login.LoginTest" name="testLoginWithSession" time="0.352"/>
</testsuite> <!-- com.erudex.ra.test.login.LoginTest -->
